[2025-01-26T12:22:26.745386+00:00] main.ERROR: Error: Application is not installed yet.  [] []
[2025-01-26T12:22:26.774433+00:00] main.ERROR: Error: Application is not installed yet.  [] []
[2025-01-26T12:22:26.802421+00:00] main.ERROR: Error: Application is not installed yet.  [] []
[2025-01-26T12:22:26.825057+00:00] main.ERROR: Error: Application is not installed yet.  [] []
[2025-01-26T12:22:26.844016+00:00] main.ERROR: Error: Application is not installed yet.  [] []
[2025-01-26T12:22:26.863373+00:00] main.ERROR: Error: Application is not installed yet.  [] []
[2025-01-26T12:22:26.882131+00:00] main.ERROR: Error: Application is not installed yet.  [] []
[2025-01-26T12:22:26.900553+00:00] main.ERROR: Error: Application is not installed yet.  [] []
[2025-01-26T12:22:26.919741+00:00] main.ERROR: Error: Application is not installed yet.  [] []
[2025-01-26T12:22:26.939187+00:00] main.ERROR: Error: Application is not installed yet.  [] []
[2025-01-26T12:22:26.958014+00:00] main.ERROR: Error: Application is not installed yet.  [] []
[2025-01-26T12:22:26.977185+00:00] main.ERROR: Error: Application is not installed yet.  [] []
[2025-01-26T12:22:26.995545+00:00] main.ERROR: Error: Application is not installed yet.  [] []
[2025-01-26T12:22:27.014057+00:00] main.ERROR: Error: Application is not installed yet.  [] []
[2025-01-26T12:22:27.033134+00:00] main.ERROR: Error: Application is not installed yet.  [] []
[2025-01-26T12:22:27.051818+00:00] main.ERROR: Error: Application is not installed yet.  [] []
[2025-01-26T12:22:27.072904+00:00] main.ERROR: Error: Application is not installed yet.  [] []
[2025-01-26T12:22:27.093444+00:00] main.ERROR: Error: Application is not installed yet.  [] []
[2025-01-26T12:22:27.115262+00:00] main.ERROR: Error: Application is not installed yet.  [] []
[2025-01-26T12:22:27.141626+00:00] main.ERROR: Error: Application is not installed yet.  [] []
[2025-01-26T12:22:28.185080+00:00] main.ERROR: Error: Application is not installed yet.  [] []
[2025-01-26T12:22:28.204383+00:00] main.ERROR: Error: Application is not installed yet.  [] []
[2025-01-26T12:22:28.222883+00:00] main.ERROR: Error: Application is not installed yet.  [] []
[2025-01-26T12:22:28.241286+00:00] main.ERROR: Error: Application is not installed yet.  [] []
[2025-01-26T12:22:28.260591+00:00] main.ERROR: Error: Application is not installed yet.  [] []
[2025-01-26T12:22:28.279620+00:00] main.ERROR: Error: Application is not installed yet.  [] []
[2025-01-26T12:22:28.298163+00:00] main.ERROR: Error: Application is not installed yet.  [] []
[2025-01-26T12:22:28.317113+00:00] main.ERROR: Error: Application is not installed yet.  [] []
[2025-01-26T12:22:28.336395+00:00] main.ERROR: Error: Application is not installed yet.  [] []
[2025-01-26T12:22:28.354772+00:00] main.ERROR: Error: Application is not installed yet.  [] []
[2025-01-26T12:22:28.373675+00:00] main.ERROR: Error: Application is not installed yet.  [] []
[2025-01-26T12:22:28.391820+00:00] main.ERROR: Error: Application is not installed yet.  [] []
[2025-01-26T12:22:28.410437+00:00] main.ERROR: Error: Application is not installed yet.  [] []
[2025-01-26T12:22:28.428810+00:00] main.ERROR: Error: Application is not installed yet.  [] []
[2025-01-26T12:22:28.446662+00:00] main.ERROR: Error: Application is not installed yet.  [] []
[2025-01-26T12:22:28.464516+00:00] main.ERROR: Error: Application is not installed yet.  [] []
[2025-01-26T12:22:28.483808+00:00] main.ERROR: Error: Application is not installed yet.  [] []
[2025-01-26T12:22:28.502426+00:00] main.ERROR: Error: Application is not installed yet.  [] []
[2025-01-26T12:22:28.520782+00:00] main.ERROR: Error: Application is not installed yet.  [] []
[2025-01-26T12:22:28.539079+00:00] main.ERROR: Error: Application is not installed yet.  [] []
[2025-01-26T12:22:33.576142+00:00] main.ERROR: Error: Application is not installed yet.  [] []
[2025-01-26T12:22:33.596839+00:00] main.ERROR: Error: Application is not installed yet.  [] []
[2025-01-26T12:22:33.616707+00:00] main.ERROR: Error: Application is not installed yet.  [] []
[2025-01-26T12:22:33.635725+00:00] main.ERROR: Error: Application is not installed yet.  [] []
[2025-01-26T12:22:33.655098+00:00] main.ERROR: Error: Application is not installed yet.  [] []
[2025-01-26T12:22:33.674128+00:00] main.ERROR: Error: Application is not installed yet.  [] []
[2025-01-26T12:22:33.696001+00:00] main.ERROR: Error: Application is not installed yet.  [] []
[2025-01-26T12:22:33.714519+00:00] main.ERROR: Error: Application is not installed yet.  [] []
[2025-01-26T12:22:33.733584+00:00] main.ERROR: Error: Application is not installed yet.  [] []
[2025-01-26T12:22:33.753135+00:00] main.ERROR: Error: Application is not installed yet.  [] []
[2025-01-26T12:22:33.772016+00:00] main.ERROR: Error: Application is not installed yet.  [] []
[2025-01-26T12:22:33.791376+00:00] main.ERROR: Error: Application is not installed yet.  [] []
[2025-01-26T12:22:33.810452+00:00] main.ERROR: Error: Application is not installed yet.  [] []
[2025-01-26T12:22:33.831831+00:00] main.ERROR: Error: Application is not installed yet.  [] []
[2025-01-26T12:22:33.850912+00:00] main.ERROR: Error: Application is not installed yet.  [] []
[2025-01-26T12:22:33.870234+00:00] main.ERROR: Error: Application is not installed yet.  [] []
[2025-01-26T12:22:33.890342+00:00] main.ERROR: Error: Application is not installed yet.  [] []
[2025-01-26T12:22:33.909457+00:00] main.ERROR: Error: Application is not installed yet.  [] []
[2025-01-26T12:22:33.930599+00:00] main.ERROR: Error: Application is not installed yet.  [] []
[2025-01-26T12:22:33.949637+00:00] main.ERROR: Error: Application is not installed yet.  [] []
[2025-01-26T12:23:59.473323+00:00] main.ERROR: Could not validate a connection to the OpenSearch. No alive nodes found in your cluster
#0 /var/www/html/setup/src/Magento/Setup/Model/SearchConfig.php(69): Magento\Setup\Model\SearchConfig->validateSearchEngine()
#1 /var/www/html/setup/src/Magento/Setup/Model/Installer.php(1210): Magento\Setup\Model\SearchConfig->saveConfiguration(Array)
#2 [internal function]: Magento\Setup\Model\Installer->installSearchConfiguration(Array)
#3 /var/www/html/setup/src/Magento/Setup/Model/Installer.php(388): call_user_func_array(Array, Array)
#4 /var/www/html/setup/src/Magento/Setup/Console/Command/InstallCommand.php(238): Magento\Setup\Model\Installer->install(Array)
#5 /var/www/html/vendor/symfony/console/Command/Command.php(298): Magento\Setup\Console\Command\InstallCommand->execute(Object(Symfony\Component\Console\Input\ArgvInput), Object(Symfony\Component\Console\Output\ConsoleOutput))
#6 /var/www/html/vendor/symfony/console/Application.php(1040): Symfony\Component\Console\Command\Command->run(Object(Symfony\Component\Console\Input\ArgvInput), Object(Symfony\Component\Console\Output\ConsoleOutput))
#7 /var/www/html/vendor/symfony/console/Application.php(301): Symfony\Component\Console\Application->doRunCommand(Object(Magento\Setup\Console\Command\InstallCommand), Object(Symfony\Component\Console\Input\ArgvInput), Object(Symfony\Component\Console\Output\ConsoleOutput))
#8 /var/www/html/vendor/magento/framework/Console/Cli.php(116): Symfony\Component\Console\Application->doRun(Object(Symfony\Component\Console\Input\ArgvInput), Object(Symfony\Component\Console\Output\ConsoleOutput))
#9 /var/www/html/vendor/symfony/console/Application.php(171): Magento\Framework\Console\Cli->doRun(Object(Symfony\Component\Console\Input\ArgvInput), Object(Symfony\Component\Console\Output\ConsoleOutput))
#10 /var/www/html/bin/magento(23): Symfony\Component\Console\Application->run()
#11 {main} [] []
[2025-01-26T12:24:34.934522+00:00] main.ERROR: There are no commands defined in the "deploy:mode" namespace.
#0 /var/www/html/vendor/symfony/console/Application.php(701): Symfony\Component\Console\Application->findNamespace('deploy:mode')
#1 /var/www/html/vendor/symfony/console/Application.php(259): Symfony\Component\Console\Application->find('deploy:mode:set')
#2 /var/www/html/vendor/magento/framework/Console/Cli.php(116): Symfony\Component\Console\Application->doRun(Object(Symfony\Component\Console\Input\ArgvInput), Object(Symfony\Component\Console\Output\ConsoleOutput))
#3 /var/www/html/vendor/symfony/console/Application.php(171): Magento\Framework\Console\Cli->doRun(Object(Symfony\Component\Console\Input\ArgvInput), Object(Symfony\Component\Console\Output\ConsoleOutput))
#4 /var/www/html/bin/magento(23): Symfony\Component\Console\Application->run()
#5 {main} [] []
[2025-01-26T12:24:38.690223+00:00] main.ERROR: There are no commands defined in the "config" namespace.

Did you mean one of these?
    app:config
    module:config
    setup:config
    setup:store-config
#0 /var/www/html/vendor/symfony/console/Application.php(701): Symfony\Component\Console\Application->findNamespace('config')
#1 /var/www/html/vendor/symfony/console/Application.php(259): Symfony\Component\Console\Application->find('config:set')
#2 /var/www/html/vendor/magento/framework/Console/Cli.php(116): Symfony\Component\Console\Application->doRun(Object(Symfony\Component\Console\Input\ArgvInput), Object(Symfony\Component\Console\Output\ConsoleOutput))
#3 /var/www/html/vendor/symfony/console/Application.php(171): Magento\Framework\Console\Cli->doRun(Object(Symfony\Component\Console\Input\ArgvInput), Object(Symfony\Component\Console\Output\ConsoleOutput))
#4 /var/www/html/bin/magento(23): Symfony\Component\Console\Application->run()
#5 {main} [] []
[2025-01-26T12:24:42.353384+00:00] main.ERROR: There are no commands defined in the "config" namespace.

Did you mean one of these?
    app:config
    module:config
    setup:config
    setup:store-config
#0 /var/www/html/vendor/symfony/console/Application.php(701): Symfony\Component\Console\Application->findNamespace('config')
#1 /var/www/html/vendor/symfony/console/Application.php(259): Symfony\Component\Console\Application->find('config:set')
#2 /var/www/html/vendor/magento/framework/Console/Cli.php(116): Symfony\Component\Console\Application->doRun(Object(Symfony\Component\Console\Input\ArgvInput), Object(Symfony\Component\Console\Output\ConsoleOutput))
#3 /var/www/html/vendor/symfony/console/Application.php(171): Magento\Framework\Console\Cli->doRun(Object(Symfony\Component\Console\Input\ArgvInput), Object(Symfony\Component\Console\Output\ConsoleOutput))
#4 /var/www/html/bin/magento(23): Symfony\Component\Console\Application->run()
#5 {main} [] []
[2025-01-26T12:25:08.655009+00:00] main.ERROR: There are no commands defined in the "deploy:mode" namespace.
#0 /var/www/html/vendor/symfony/console/Application.php(701): Symfony\Component\Console\Application->findNamespace('deploy:mode')
#1 /var/www/html/vendor/symfony/console/Application.php(259): Symfony\Component\Console\Application->find('deploy:mode:set')
#2 /var/www/html/vendor/magento/framework/Console/Cli.php(116): Symfony\Component\Console\Application->doRun(Object(Symfony\Component\Console\Input\ArgvInput), Object(Symfony\Component\Console\Output\ConsoleOutput))
#3 /var/www/html/vendor/symfony/console/Application.php(171): Magento\Framework\Console\Cli->doRun(Object(Symfony\Component\Console\Input\ArgvInput), Object(Symfony\Component\Console\Output\ConsoleOutput))
#4 /var/www/html/bin/magento(23): Symfony\Component\Console\Application->run()
#5 {main} [] []
[2025-01-26T12:29:17.671911+00:00] main.ERROR: There are no commands defined in the "config" namespace.

Did you mean one of these?
    app:config
    module:config
    setup:config
    setup:store-config
#0 /var/www/html/vendor/symfony/console/Application.php(701): Symfony\Component\Console\Application->findNamespace('config')
#1 /var/www/html/vendor/symfony/console/Application.php(259): Symfony\Component\Console\Application->find('config:set')
#2 /var/www/html/vendor/magento/framework/Console/Cli.php(116): Symfony\Component\Console\Application->doRun(Object(Symfony\Component\Console\Input\ArgvInput), Object(Symfony\Component\Console\Output\ConsoleOutput))
#3 /var/www/html/vendor/symfony/console/Application.php(171): Magento\Framework\Console\Cli->doRun(Object(Symfony\Component\Console\Input\ArgvInput), Object(Symfony\Component\Console\Output\ConsoleOutput))
#4 /var/www/html/bin/magento(23): Symfony\Component\Console\Application->run()
#5 {main} [] []
[2025-01-26T12:29:28.578066+00:00] main.ERROR: There are no commands defined in the "config" namespace.

Did you mean one of these?
    app:config
    module:config
    setup:config
    setup:store-config
#0 /var/www/html/vendor/symfony/console/Application.php(701): Symfony\Component\Console\Application->findNamespace('config')
#1 /var/www/html/vendor/symfony/console/Application.php(259): Symfony\Component\Console\Application->find('config:set')
#2 /var/www/html/vendor/magento/framework/Console/Cli.php(116): Symfony\Component\Console\Application->doRun(Object(Symfony\Component\Console\Input\ArgvInput), Object(Symfony\Component\Console\Output\ConsoleOutput))
#3 /var/www/html/vendor/symfony/console/Application.php(171): Magento\Framework\Console\Cli->doRun(Object(Symfony\Component\Console\Input\ArgvInput), Object(Symfony\Component\Console\Output\ConsoleOutput))
#4 /var/www/html/bin/magento(23): Symfony\Component\Console\Application->run()
#5 {main} [] []
[2025-01-26T12:38:41.618203+00:00] main.ERROR: There are no commands defined in the "config" namespace.

Did you mean one of these?
    app:config
    module:config
    setup:config
    setup:store-config
#0 /var/www/html/vendor/symfony/console/Application.php(701): Symfony\Component\Console\Application->findNamespace('config')
#1 /var/www/html/vendor/symfony/console/Application.php(259): Symfony\Component\Console\Application->find('config:set')
#2 /var/www/html/vendor/magento/framework/Console/Cli.php(116): Symfony\Component\Console\Application->doRun(Object(Symfony\Component\Console\Input\ArgvInput), Object(Symfony\Component\Console\Output\ConsoleOutput))
#3 /var/www/html/vendor/symfony/console/Application.php(171): Magento\Framework\Console\Cli->doRun(Object(Symfony\Component\Console\Input\ArgvInput), Object(Symfony\Component\Console\Output\ConsoleOutput))
#4 /var/www/html/bin/magento(23): Symfony\Component\Console\Application->run()
#5 {main} [] []
[2025-01-26T12:44:47.018528+00:00] main.ERROR: There are no commands defined in the "config" namespace.

Did you mean one of these?
    app:config
    module:config
    setup:config
    setup:store-config
#0 /var/www/html/vendor/symfony/console/Application.php(701): Symfony\Component\Console\Application->findNamespace('config')
#1 /var/www/html/vendor/symfony/console/Application.php(259): Symfony\Component\Console\Application->find('config:set')
#2 /var/www/html/vendor/magento/framework/Console/Cli.php(116): Symfony\Component\Console\Application->doRun(Object(Symfony\Component\Console\Input\ArgvInput), Object(Symfony\Component\Console\Output\ConsoleOutput))
#3 /var/www/html/vendor/symfony/console/Application.php(171): Magento\Framework\Console\Cli->doRun(Object(Symfony\Component\Console\Input\ArgvInput), Object(Symfony\Component\Console\Output\ConsoleOutput))
#4 /var/www/html/bin/magento(23): Symfony\Component\Console\Application->run()
#5 {main} [] []
[2025-01-26T13:07:59.263965+00:00] main.ERROR: Could not validate a connection to the OpenSearch. No alive nodes found in your cluster
#0 /var/www/html/setup/src/Magento/Setup/Model/SearchConfig.php(69): Magento\Setup\Model\SearchConfig->validateSearchEngine()
#1 /var/www/html/setup/src/Magento/Setup/Model/Installer.php(1210): Magento\Setup\Model\SearchConfig->saveConfiguration(Array)
#2 [internal function]: Magento\Setup\Model\Installer->installSearchConfiguration(Array)
#3 /var/www/html/setup/src/Magento/Setup/Model/Installer.php(388): call_user_func_array(Array, Array)
#4 /var/www/html/setup/src/Magento/Setup/Console/Command/InstallCommand.php(238): Magento\Setup\Model\Installer->install(Array)
#5 /var/www/html/vendor/symfony/console/Command/Command.php(298): Magento\Setup\Console\Command\InstallCommand->execute(Object(Symfony\Component\Console\Input\ArgvInput), Object(Symfony\Component\Console\Output\ConsoleOutput))
#6 /var/www/html/vendor/symfony/console/Application.php(1040): Symfony\Component\Console\Command\Command->run(Object(Symfony\Component\Console\Input\ArgvInput), Object(Symfony\Component\Console\Output\ConsoleOutput))
#7 /var/www/html/vendor/symfony/console/Application.php(301): Symfony\Component\Console\Application->doRunCommand(Object(Magento\Setup\Console\Command\InstallCommand), Object(Symfony\Component\Console\Input\ArgvInput), Object(Symfony\Component\Console\Output\ConsoleOutput))
#8 /var/www/html/vendor/magento/framework/Console/Cli.php(116): Symfony\Component\Console\Application->doRun(Object(Symfony\Component\Console\Input\ArgvInput), Object(Symfony\Component\Console\Output\ConsoleOutput))
#9 /var/www/html/vendor/symfony/console/Application.php(171): Magento\Framework\Console\Cli->doRun(Object(Symfony\Component\Console\Input\ArgvInput), Object(Symfony\Component\Console\Output\ConsoleOutput))
#10 /var/www/html/bin/magento(23): Symfony\Component\Console\Application->run()
#11 {main} [] []
[2025-01-26T13:08:36.463283+00:00] main.ERROR: Could not validate a connection to the OpenSearch. No alive nodes found in your cluster
#0 /var/www/html/setup/src/Magento/Setup/Model/SearchConfig.php(69): Magento\Setup\Model\SearchConfig->validateSearchEngine()
#1 /var/www/html/setup/src/Magento/Setup/Model/Installer.php(1210): Magento\Setup\Model\SearchConfig->saveConfiguration(Array)
#2 [internal function]: Magento\Setup\Model\Installer->installSearchConfiguration(Array)
#3 /var/www/html/setup/src/Magento/Setup/Model/Installer.php(388): call_user_func_array(Array, Array)
#4 /var/www/html/setup/src/Magento/Setup/Console/Command/InstallCommand.php(238): Magento\Setup\Model\Installer->install(Array)
#5 /var/www/html/vendor/symfony/console/Command/Command.php(298): Magento\Setup\Console\Command\InstallCommand->execute(Object(Symfony\Component\Console\Input\ArgvInput), Object(Symfony\Component\Console\Output\ConsoleOutput))
#6 /var/www/html/vendor/symfony/console/Application.php(1040): Symfony\Component\Console\Command\Command->run(Object(Symfony\Component\Console\Input\ArgvInput), Object(Symfony\Component\Console\Output\ConsoleOutput))
#7 /var/www/html/vendor/symfony/console/Application.php(301): Symfony\Component\Console\Application->doRunCommand(Object(Magento\Setup\Console\Command\InstallCommand), Object(Symfony\Component\Console\Input\ArgvInput), Object(Symfony\Component\Console\Output\ConsoleOutput))
#8 /var/www/html/vendor/magento/framework/Console/Cli.php(116): Symfony\Component\Console\Application->doRun(Object(Symfony\Component\Console\Input\ArgvInput), Object(Symfony\Component\Console\Output\ConsoleOutput))
#9 /var/www/html/vendor/symfony/console/Application.php(171): Magento\Framework\Console\Cli->doRun(Object(Symfony\Component\Console\Input\ArgvInput), Object(Symfony\Component\Console\Output\ConsoleOutput))
#10 /var/www/html/bin/magento(23): Symfony\Component\Console\Application->run()
#11 {main} [] []
[2025-01-26T13:14:35.757462+00:00] main.ERROR: There are no commands defined in the "config" namespace.

Did you mean one of these?
    app:config
    module:config
    setup:config
    setup:store-config
#0 /var/www/html/vendor/symfony/console/Application.php(701): Symfony\Component\Console\Application->findNamespace('config')
#1 /var/www/html/vendor/symfony/console/Application.php(259): Symfony\Component\Console\Application->find('config:set')
#2 /var/www/html/vendor/magento/framework/Console/Cli.php(116): Symfony\Component\Console\Application->doRun(Object(Symfony\Component\Console\Input\ArgvInput), Object(Symfony\Component\Console\Output\ConsoleOutput))
#3 /var/www/html/vendor/symfony/console/Application.php(171): Magento\Framework\Console\Cli->doRun(Object(Symfony\Component\Console\Input\ArgvInput), Object(Symfony\Component\Console\Output\ConsoleOutput))
#4 /var/www/html/bin/magento(23): Symfony\Component\Console\Application->run()
#5 {main} [] []
[2025-01-26T13:24:21.363042+00:00] main.INFO: Item Magento_Backend::system_currency was removed [] []
[2025-01-26T13:24:21.367921+00:00] main.INFO: Add of item with id Magento_Config::system_config was processed [] []
[2025-01-26T13:24:21.368190+00:00] main.INFO: Add of item with id Magento_AdminNotification::system_adminnotification was processed [] []
[2025-01-26T13:24:21.368409+00:00] main.INFO: Add of item with id Magento_Theme::design_config was processed [] []
[2025-01-26T13:24:21.368599+00:00] main.INFO: Add of item with id Magento_Theme::system_design_theme was processed [] []
[2025-01-26T13:24:21.368775+00:00] main.INFO: Add of item with id Magento_Backend::system_design_schedule was processed [] []
[2025-01-26T13:24:21.368952+00:00] main.INFO: Add of item with id Magento_Backend::system_store was processed [] []
[2025-01-26T13:24:21.369128+00:00] main.INFO: Add of item with id Magento_Backend::dashboard was processed [] []
[2025-01-26T13:24:21.369311+00:00] main.INFO: Add of item with id Magento_Backend::system was processed [] []
[2025-01-26T13:24:21.369495+00:00] main.INFO: Add of item with id Magento_Backend::system_tools was processed [] []
[2025-01-26T13:24:21.369681+00:00] main.INFO: Add of item with id Magento_Backend::system_design was processed [] []
[2025-01-26T13:24:21.369858+00:00] main.INFO: Add of item with id Magento_Backend::system_convert was processed [] []
[2025-01-26T13:24:21.370040+00:00] main.INFO: Add of item with id Magento_Backend::system_cache was processed [] []
[2025-01-26T13:24:21.370222+00:00] main.INFO: Add of item with id Magento_Backend::marketing was processed [] []
[2025-01-26T13:24:21.370408+00:00] main.INFO: Add of item with id Magento_Backend::marketing_communications was processed [] []
[2025-01-26T13:24:21.370585+00:00] main.INFO: Add of item with id Magento_Backend::marketing_seo was processed [] []
[2025-01-26T13:24:21.370761+00:00] main.INFO: Add of item with id Magento_Backend::marketing_user_content was processed [] []
[2025-01-26T13:24:21.370936+00:00] main.INFO: Add of item with id Magento_Backend::content was processed [] []
[2025-01-26T13:24:21.371111+00:00] main.INFO: Add of item with id Magento_Backend::content_elements was processed [] []
[2025-01-26T13:24:21.371290+00:00] main.INFO: Add of item with id Magento_Backend::stores was processed [] []
[2025-01-26T13:24:21.371479+00:00] main.INFO: Add of item with id Magento_Backend::stores_settings was processed [] []
[2025-01-26T13:24:21.371657+00:00] main.INFO: Add of item with id Magento_Backend::stores_attributes was processed [] []
[2025-01-26T13:24:21.371832+00:00] main.INFO: Add of item with id Magento_Backend::other_settings was processed [] []
[2025-01-26T13:24:21.372007+00:00] main.INFO: Add of item with id Magento_Backend::system_other_settings was processed [] []
[2025-01-26T13:24:21.372183+00:00] main.INFO: Add of item with id Magento_User::system_acl was processed [] []
[2025-01-26T13:24:21.372367+00:00] main.INFO: Add of item with id Magento_User::system_acl_users was processed [] []
[2025-01-26T13:24:21.372546+00:00] main.INFO: Add of item with id Magento_User::system_acl_roles was processed [] []
[2025-01-26T13:24:21.372720+00:00] main.INFO: Add of item with id Magento_User::system_acl_locks was processed [] []
[2025-01-26T13:24:21.372895+00:00] main.INFO: Add of item with id Magento_Customer::customer was processed [] []
[2025-01-26T13:24:21.373132+00:00] main.INFO: Add of item with id Magento_Customer::customer_manage was processed [] []
[2025-01-26T13:24:21.373331+00:00] main.INFO: Add of item with id Magento_Customer::customer_online was processed [] []
[2025-01-26T13:24:21.373508+00:00] main.INFO: Add of item with id Magento_Customer::customer_group was processed [] []
[2025-01-26T13:24:21.373682+00:00] main.INFO: Add of item with id Magento_Backup::system_tools_backup was processed [] []
[2025-01-26T13:24:21.373857+00:00] main.INFO: Add of item with id Magento_Indexer::system_index was processed [] []
[2025-01-26T13:24:21.374031+00:00] main.INFO: Add of item with id Magento_Variable::system_variable was processed [] []
[2025-01-26T13:24:21.374219+00:00] main.INFO: Add of item with id Magento_Cms::cms_page was processed [] []
[2025-01-26T13:24:21.374398+00:00] main.INFO: Add of item with id Magento_Cms::cms_block was processed [] []
[2025-01-26T13:24:21.374581+00:00] main.INFO: Add of item with id Magento_Search::search_terms was processed [] []
[2025-01-26T13:24:21.374758+00:00] main.INFO: Add of item with id Magento_Search::search_synonyms was processed [] []
[2025-01-26T13:24:21.374937+00:00] main.INFO: Add of item with id Magento_Catalog::catalog was processed [] []
[2025-01-26T13:24:21.375118+00:00] main.INFO: Add of item with id Magento_Catalog::catalog_products was processed [] []
[2025-01-26T13:24:21.375302+00:00] main.INFO: Add of item with id Magento_Catalog::catalog_categories was processed [] []
[2025-01-26T13:24:21.375484+00:00] main.INFO: Add of item with id Magento_Catalog::catalog_attributes_attributes was processed [] []
[2025-01-26T13:24:21.375663+00:00] main.INFO: Add of item with id Magento_Catalog::catalog_attributes_sets was processed [] []
[2025-01-26T13:24:21.375845+00:00] main.INFO: Add of item with id Magento_Catalog::inventory was processed [] []
[2025-01-26T13:24:21.376021+00:00] main.INFO: Add of item with id Magento_CatalogRule::promo was processed [] []
[2025-01-26T13:24:21.376206+00:00] main.INFO: Add of item with id Magento_CatalogRule::promo_catalog was processed [] []
[2025-01-26T13:24:21.376385+00:00] main.INFO: Add of item with id Magento_MediaGalleryUi::media was processed [] []
[2025-01-26T13:24:21.376566+00:00] main.INFO: Add of item with id Magento_MediaGalleryUi::media_gallery was processed [] []
[2025-01-26T13:24:21.376744+00:00] main.INFO: Add of item with id Magento_Integration::system_extensions was processed [] []
[2025-01-26T13:24:21.376927+00:00] main.INFO: Add of item with id Magento_Integration::system_integrations was processed [] []
[2025-01-26T13:24:21.377104+00:00] main.INFO: Add of item with id Magento_Sales::sales was processed [] []
[2025-01-26T13:24:21.377294+00:00] main.INFO: Add of item with id Magento_Sales::sales_operation was processed [] []
[2025-01-26T13:24:21.377479+00:00] main.INFO: Add of item with id Magento_Sales::sales_order was processed [] []
[2025-01-26T13:24:21.377655+00:00] main.INFO: Add of item with id Magento_Sales::sales_invoice was processed [] []
[2025-01-26T13:24:21.377834+00:00] main.INFO: Add of item with id Magento_Sales::sales_shipment was processed [] []
[2025-01-26T13:24:21.378007+00:00] main.INFO: Add of item with id Magento_Sales::sales_creditmemo was processed [] []
[2025-01-26T13:24:21.378183+00:00] main.INFO: Add of item with id Magento_Sales::sales_transactions was processed [] []
[2025-01-26T13:24:21.378360+00:00] main.INFO: Add of item with id Magento_Sales::system_order_statuses was processed [] []
[2025-01-26T13:24:21.378536+00:00] main.INFO: Add of item with id Magento_Widget::cms_widget_instance was processed [] []
[2025-01-26T13:24:21.378719+00:00] main.INFO: Add of item with id Magento_Analytics::business_intelligence was processed [] []
[2025-01-26T13:24:21.378908+00:00] main.INFO: Add of item with id Magento_Analytics::advanced_reporting was processed [] []
[2025-01-26T13:24:21.379102+00:00] main.INFO: Add of item with id Magento_Analytics::bi_essentials was processed [] []
[2025-01-26T13:24:21.379306+00:00] main.INFO: Add of item with id Magento_Downloadable::report_products_downloads was processed [] []
[2025-01-26T13:24:21.379535+00:00] main.INFO: Add of item with id Magento_ImportExport::system_convert_import was processed [] []
[2025-01-26T13:24:21.379775+00:00] main.INFO: Add of item with id Magento_ImportExport::system_convert_export was processed [] []
[2025-01-26T13:24:21.380067+00:00] main.INFO: Add of item with id Magento_ImportExport::system_convert_history was processed [] []
[2025-01-26T13:24:21.380438+00:00] main.INFO: Add of item with id Magento_Email::template was processed [] []
[2025-01-26T13:24:21.380702+00:00] main.INFO: Add of item with id Magento_EncryptionKey::system_crypt_key was processed [] []
[2025-01-26T13:24:21.380949+00:00] main.INFO: Add of item with id Magento_InventoryAdminUi::inventory was processed [] []
[2025-01-26T13:24:21.381185+00:00] main.INFO: Add of item with id Magento_InventoryAdminUi::source was processed [] []
[2025-01-26T13:24:21.381416+00:00] main.INFO: Add of item with id Magento_InventoryAdminUi::stock was processed [] []
[2025-01-26T13:24:21.381619+00:00] main.INFO: Add of item with id Magento_Reports::report was processed [] []
[2025-01-26T13:24:21.381975+00:00] main.INFO: Add of item with id Magento_Reports::report_marketing was processed [] []
[2025-01-26T13:24:21.382381+00:00] main.INFO: Add of item with id Magento_Reports::report_salesroot was processed [] []
[2025-01-26T13:24:21.382770+00:00] main.INFO: Add of item with id Magento_Reports::report_salesroot_sales was processed [] []
[2025-01-26T13:24:21.383131+00:00] main.INFO: Add of item with id Magento_Reports::report_salesroot_tax was processed [] []
[2025-01-26T13:24:21.383514+00:00] main.INFO: Add of item with id Magento_Reports::report_salesroot_invoiced was processed [] []
[2025-01-26T13:24:21.383724+00:00] main.INFO: Add of item with id Magento_Reports::report_salesroot_shipping was processed [] []
[2025-01-26T13:24:21.383902+00:00] main.INFO: Add of item with id Magento_Reports::report_salesroot_refunded was processed [] []
[2025-01-26T13:24:21.384078+00:00] main.INFO: Add of item with id Magento_Reports::report_salesroot_coupons was processed [] []
[2025-01-26T13:24:21.384299+00:00] main.INFO: Add of item with id Magento_Reports::report_shopcart_product was processed [] []
[2025-01-26T13:24:21.384498+00:00] main.INFO: Add of item with id Magento_Reports::report_shopcart_abandoned was processed [] []
[2025-01-26T13:24:21.384692+00:00] main.INFO: Add of item with id Magento_Reports::report_products was processed [] []
[2025-01-26T13:24:21.384884+00:00] main.INFO: Add of item with id Magento_Reports::report_products_bestsellers was processed [] []
[2025-01-26T13:24:21.385076+00:00] main.INFO: Add of item with id Magento_Reports::report_products_sold was processed [] []
[2025-01-26T13:24:21.385275+00:00] main.INFO: Add of item with id Magento_Reports::report_products_viewed was processed [] []
[2025-01-26T13:24:21.385450+00:00] main.INFO: Add of item with id Magento_Reports::report_products_lowstock was processed [] []
[2025-01-26T13:24:21.385630+00:00] main.INFO: Add of item with id Magento_Reports::report_customers was processed [] []
[2025-01-26T13:24:21.385814+00:00] main.INFO: Add of item with id Magento_Reports::report_customers_accounts was processed [] []
[2025-01-26T13:24:21.385993+00:00] main.INFO: Add of item with id Magento_Reports::report_customers_totals was processed [] []
[2025-01-26T13:24:21.386167+00:00] main.INFO: Add of item with id Magento_Reports::report_customers_orders was processed [] []
[2025-01-26T13:24:21.386355+00:00] main.INFO: Add of item with id Magento_Reports::report_statistics was processed [] []
[2025-01-26T13:24:21.386539+00:00] main.INFO: Add of item with id Magento_Reports::report_statistics_refresh was processed [] []
[2025-01-26T13:24:21.386717+00:00] main.INFO: Add of item with id Magento_Search::report_search_term was processed [] []
[2025-01-26T13:24:21.386893+00:00] main.INFO: Add of item with id Magento_LoginAsCustomerLog::login_log was processed [] []
[2025-01-26T13:24:21.387069+00:00] main.INFO: Add of item with id Magento_Marketplace::partners was processed [] []
[2025-01-26T13:24:21.387254+00:00] main.INFO: Add of item with id Magento_Newsletter::newsletter_template was processed [] []
[2025-01-26T13:24:21.387439+00:00] main.INFO: Add of item with id Magento_Newsletter::newsletter_queue was processed [] []
[2025-01-26T13:24:21.387612+00:00] main.INFO: Add of item with id Magento_Newsletter::newsletter_subscriber was processed [] []
[2025-01-26T13:24:21.387788+00:00] main.INFO: Add of item with id Magento_Newsletter::newsletter_problem was processed [] []
[2025-01-26T13:24:21.387961+00:00] main.INFO: Add of item with id Magento_SalesRule::promo_quote was processed [] []
[2025-01-26T13:24:21.388136+00:00] main.INFO: Add of item with id Magento_Sitemap::catalog_sitemap was processed [] []
[2025-01-26T13:24:21.388331+00:00] main.INFO: Add of item with id Magento_PageBuilder::templates was processed [] []
[2025-01-26T13:24:21.388507+00:00] main.INFO: Add of item with id Magento_Paypal::report_salesroot_paypal_settlement_reports was processed [] []
[2025-01-26T13:24:21.388684+00:00] main.INFO: Add of item with id Magento_Paypal::paypal_billing_agreement was processed [] []
[2025-01-26T13:24:21.388862+00:00] main.INFO: Add of item with id Magento_CheckoutAgreements::sales_checkoutagreement was processed [] []
[2025-01-26T13:24:21.389036+00:00] main.INFO: Add of item with id Magento_Review::catalog_reviews_ratings_ratings was processed [] []
[2025-01-26T13:24:21.389223+00:00] main.INFO: Add of item with id Magento_Review::catalog_reviews_ratings_pending was processed [] []
[2025-01-26T13:24:21.389402+00:00] main.INFO: Add of item with id Magento_Review::catalog_reviews_ratings_reviews_all was processed [] []
[2025-01-26T13:24:21.389577+00:00] main.INFO: Add of item with id Magento_Review::report_review was processed [] []
[2025-01-26T13:24:21.389760+00:00] main.INFO: Add of item with id Magento_Review::report_review_customer was processed [] []
[2025-01-26T13:24:21.389937+00:00] main.INFO: Add of item with id Magento_Review::report_review_product was processed [] []
[2025-01-26T13:24:21.390130+00:00] main.INFO: Add of item with id Magento_UrlRewrite::urlrewrite was processed [] []
[2025-01-26T13:24:21.390313+00:00] main.INFO: Add of item with id Magento_Tax::sales_tax was processed [] []
[2025-01-26T13:24:21.390497+00:00] main.INFO: Add of item with id Magento_Tax::sales_tax_rules was processed [] []
[2025-01-26T13:24:21.390676+00:00] main.INFO: Add of item with id Magento_Tax::sales_tax_rates was processed [] []
[2025-01-26T13:24:21.390850+00:00] main.INFO: Add of item with id Magento_TaxImportExport::system_convert_tax was processed [] []
[2025-01-26T13:24:21.391025+00:00] main.INFO: Add of item with id Magento_AsynchronousOperations::system_magento_logging was processed [] []
[2025-01-26T13:24:21.391212+00:00] main.INFO: Add of item with id Magento_AsynchronousOperations::system_magento_logging_bulk_operations was processed [] []
[2025-01-26T13:24:21.391397+00:00] main.INFO: Add of item with id Magento_CurrencySymbol::system_currency was processed [] []
[2025-01-26T13:24:21.391581+00:00] main.INFO: Add of item with id Magento_CurrencySymbol::system_currency_rates was processed [] []
[2025-01-26T13:24:21.391757+00:00] main.INFO: Add of item with id Magento_CurrencySymbol::system_currency_symbols was processed [] []
[2025-01-26T13:24:21.391932+00:00] main.INFO: Add of item with id PayPal_Braintree::settlement_report was processed [] []
[2025-01-26T13:24:21.392107+00:00] main.INFO: Add of item with id PayPal_Braintree::virtual_terminal was processed [] []
[2025-01-26T13:26:18.605749+00:00] main.INFO: Item Magento_Backend::system_currency was removed [] []
[2025-01-26T13:26:18.607892+00:00] main.INFO: Add of item with id Magento_Config::system_config was processed [] []
[2025-01-26T13:26:18.608143+00:00] main.INFO: Add of item with id Magento_AdminNotification::system_adminnotification was processed [] []
[2025-01-26T13:26:18.608356+00:00] main.INFO: Add of item with id Magento_Theme::design_config was processed [] []
[2025-01-26T13:26:18.608538+00:00] main.INFO: Add of item with id Magento_Theme::system_design_theme was processed [] []
[2025-01-26T13:26:18.608715+00:00] main.INFO: Add of item with id Magento_Backend::system_design_schedule was processed [] []
[2025-01-26T13:26:18.608892+00:00] main.INFO: Add of item with id Magento_Backend::system_store was processed [] []
[2025-01-26T13:26:18.609067+00:00] main.INFO: Add of item with id Magento_Backend::dashboard was processed [] []
[2025-01-26T13:26:18.609247+00:00] main.INFO: Add of item with id Magento_Backend::system was processed [] []
[2025-01-26T13:26:18.609438+00:00] main.INFO: Add of item with id Magento_Backend::system_tools was processed [] []
[2025-01-26T13:26:18.609624+00:00] main.INFO: Add of item with id Magento_Backend::system_design was processed [] []
[2025-01-26T13:26:18.609802+00:00] main.INFO: Add of item with id Magento_Backend::system_convert was processed [] []
[2025-01-26T13:26:18.609984+00:00] main.INFO: Add of item with id Magento_Backend::system_cache was processed [] []
[2025-01-26T13:26:18.610161+00:00] main.INFO: Add of item with id Magento_Backend::marketing was processed [] []
[2025-01-26T13:26:18.610369+00:00] main.INFO: Add of item with id Magento_Backend::marketing_communications was processed [] []
[2025-01-26T13:26:18.610547+00:00] main.INFO: Add of item with id Magento_Backend::marketing_seo was processed [] []
[2025-01-26T13:26:18.610722+00:00] main.INFO: Add of item with id Magento_Backend::marketing_user_content was processed [] []
[2025-01-26T13:26:18.610895+00:00] main.INFO: Add of item with id Magento_Backend::content was processed [] []
[2025-01-26T13:26:18.611068+00:00] main.INFO: Add of item with id Magento_Backend::content_elements was processed [] []
[2025-01-26T13:26:18.611244+00:00] main.INFO: Add of item with id Magento_Backend::stores was processed [] []
[2025-01-26T13:26:18.611427+00:00] main.INFO: Add of item with id Magento_Backend::stores_settings was processed [] []
[2025-01-26T13:26:18.611604+00:00] main.INFO: Add of item with id Magento_Backend::stores_attributes was processed [] []
[2025-01-26T13:26:18.611777+00:00] main.INFO: Add of item with id Magento_Backend::other_settings was processed [] []
[2025-01-26T13:26:18.611951+00:00] main.INFO: Add of item with id Magento_Backend::system_other_settings was processed [] []
[2025-01-26T13:26:18.612127+00:00] main.INFO: Add of item with id Magento_User::system_acl was processed [] []
[2025-01-26T13:26:18.612312+00:00] main.INFO: Add of item with id Magento_User::system_acl_users was processed [] []
[2025-01-26T13:26:18.612489+00:00] main.INFO: Add of item with id Magento_User::system_acl_roles was processed [] []
[2025-01-26T13:26:18.612662+00:00] main.INFO: Add of item with id Magento_User::system_acl_locks was processed [] []
[2025-01-26T13:26:18.612834+00:00] main.INFO: Add of item with id Magento_Customer::customer was processed [] []
[2025-01-26T13:26:18.613016+00:00] main.INFO: Add of item with id Magento_Customer::customer_manage was processed [] []
[2025-01-26T13:26:18.613194+00:00] main.INFO: Add of item with id Magento_Customer::customer_online was processed [] []
[2025-01-26T13:26:18.613369+00:00] main.INFO: Add of item with id Magento_Customer::customer_group was processed [] []
[2025-01-26T13:26:18.613542+00:00] main.INFO: Add of item with id Magento_Backup::system_tools_backup was processed [] []
[2025-01-26T13:26:18.613715+00:00] main.INFO: Add of item with id Magento_Indexer::system_index was processed [] []
[2025-01-26T13:26:18.613900+00:00] main.INFO: Add of item with id Magento_Variable::system_variable was processed [] []
[2025-01-26T13:26:18.614100+00:00] main.INFO: Add of item with id Magento_Cms::cms_page was processed [] []
[2025-01-26T13:26:18.614298+00:00] main.INFO: Add of item with id Magento_Cms::cms_block was processed [] []
[2025-01-26T13:26:18.614499+00:00] main.INFO: Add of item with id Magento_Search::search_terms was processed [] []
[2025-01-26T13:26:18.614697+00:00] main.INFO: Add of item with id Magento_Search::search_synonyms was processed [] []
[2025-01-26T13:26:18.614890+00:00] main.INFO: Add of item with id Magento_Catalog::catalog was processed [] []
[2025-01-26T13:26:18.615091+00:00] main.INFO: Add of item with id Magento_Catalog::catalog_products was processed [] []
[2025-01-26T13:26:18.615392+00:00] main.INFO: Add of item with id Magento_Catalog::catalog_categories was processed [] []
[2025-01-26T13:26:18.615612+00:00] main.INFO: Add of item with id Magento_Catalog::catalog_attributes_attributes was processed [] []
[2025-01-26T13:26:18.615810+00:00] main.INFO: Add of item with id Magento_Catalog::catalog_attributes_sets was processed [] []
[2025-01-26T13:26:18.616012+00:00] main.INFO: Add of item with id Magento_Catalog::inventory was processed [] []
[2025-01-26T13:26:18.616219+00:00] main.INFO: Add of item with id Magento_CatalogRule::promo was processed [] []
[2025-01-26T13:26:18.616422+00:00] main.INFO: Add of item with id Magento_CatalogRule::promo_catalog was processed [] []
[2025-01-26T13:26:18.616619+00:00] main.INFO: Add of item with id Magento_MediaGalleryUi::media was processed [] []
[2025-01-26T13:26:18.616820+00:00] main.INFO: Add of item with id Magento_MediaGalleryUi::media_gallery was processed [] []
[2025-01-26T13:26:18.617021+00:00] main.INFO: Add of item with id Magento_Integration::system_extensions was processed [] []
[2025-01-26T13:26:18.617225+00:00] main.INFO: Add of item with id Magento_Integration::system_integrations was processed [] []
[2025-01-26T13:26:18.617442+00:00] main.INFO: Add of item with id Magento_Sales::sales was processed [] []
[2025-01-26T13:26:18.617645+00:00] main.INFO: Add of item with id Magento_Sales::sales_operation was processed [] []
[2025-01-26T13:26:18.617847+00:00] main.INFO: Add of item with id Magento_Sales::sales_order was processed [] []
[2025-01-26T13:26:18.618041+00:00] main.INFO: Add of item with id Magento_Sales::sales_invoice was processed [] []
[2025-01-26T13:26:18.618237+00:00] main.INFO: Add of item with id Magento_Sales::sales_shipment was processed [] []
[2025-01-26T13:26:18.618431+00:00] main.INFO: Add of item with id Magento_Sales::sales_creditmemo was processed [] []
[2025-01-26T13:26:18.618622+00:00] main.INFO: Add of item with id Magento_Sales::sales_transactions was processed [] []
[2025-01-26T13:26:18.618814+00:00] main.INFO: Add of item with id Magento_Sales::system_order_statuses was processed [] []
[2025-01-26T13:26:18.619008+00:00] main.INFO: Add of item with id Magento_Widget::cms_widget_instance was processed [] []
[2025-01-26T13:26:18.619212+00:00] main.INFO: Add of item with id Magento_Analytics::business_intelligence was processed [] []
[2025-01-26T13:26:18.619417+00:00] main.INFO: Add of item with id Magento_Analytics::advanced_reporting was processed [] []
[2025-01-26T13:26:18.619594+00:00] main.INFO: Add of item with id Magento_Analytics::bi_essentials was processed [] []
[2025-01-26T13:26:18.619775+00:00] main.INFO: Add of item with id Magento_Downloadable::report_products_downloads was processed [] []
[2025-01-26T13:26:18.619959+00:00] main.INFO: Add of item with id Magento_ImportExport::system_convert_import was processed [] []
[2025-01-26T13:26:18.620133+00:00] main.INFO: Add of item with id Magento_ImportExport::system_convert_export was processed [] []
[2025-01-26T13:26:18.620323+00:00] main.INFO: Add of item with id Magento_ImportExport::system_convert_history was processed [] []
[2025-01-26T13:26:18.620523+00:00] main.INFO: Add of item with id Magento_Email::template was processed [] []
[2025-01-26T13:26:18.620719+00:00] main.INFO: Add of item with id Magento_EncryptionKey::system_crypt_key was processed [] []
[2025-01-26T13:26:18.620911+00:00] main.INFO: Add of item with id Magento_InventoryAdminUi::inventory was processed [] []
[2025-01-26T13:26:18.621110+00:00] main.INFO: Add of item with id Magento_InventoryAdminUi::source was processed [] []
[2025-01-26T13:26:18.621309+00:00] main.INFO: Add of item with id Magento_InventoryAdminUi::stock was processed [] []
[2025-01-26T13:26:18.621501+00:00] main.INFO: Add of item with id Magento_Reports::report was processed [] []
[2025-01-26T13:26:18.621693+00:00] main.INFO: Add of item with id Magento_Reports::report_marketing was processed [] []
[2025-01-26T13:26:18.621885+00:00] main.INFO: Add of item with id Magento_Reports::report_salesroot was processed [] []
[2025-01-26T13:26:18.622085+00:00] main.INFO: Add of item with id Magento_Reports::report_salesroot_sales was processed [] []
[2025-01-26T13:26:18.622284+00:00] main.INFO: Add of item with id Magento_Reports::report_salesroot_tax was processed [] []
[2025-01-26T13:26:18.622476+00:00] main.INFO: Add of item with id Magento_Reports::report_salesroot_invoiced was processed [] []
[2025-01-26T13:26:18.622668+00:00] main.INFO: Add of item with id Magento_Reports::report_salesroot_shipping was processed [] []
[2025-01-26T13:26:18.622860+00:00] main.INFO: Add of item with id Magento_Reports::report_salesroot_refunded was processed [] []
[2025-01-26T13:26:18.623051+00:00] main.INFO: Add of item with id Magento_Reports::report_salesroot_coupons was processed [] []
[2025-01-26T13:26:18.623256+00:00] main.INFO: Add of item with id Magento_Reports::report_shopcart_product was processed [] []
[2025-01-26T13:26:18.623452+00:00] main.INFO: Add of item with id Magento_Reports::report_shopcart_abandoned was processed [] []
[2025-01-26T13:26:18.623628+00:00] main.INFO: Add of item with id Magento_Reports::report_products was processed [] []
[2025-01-26T13:26:18.623802+00:00] main.INFO: Add of item with id Magento_Reports::report_products_bestsellers was processed [] []
[2025-01-26T13:26:18.623977+00:00] main.INFO: Add of item with id Magento_Reports::report_products_sold was processed [] []
[2025-01-26T13:26:18.624150+00:00] main.INFO: Add of item with id Magento_Reports::report_products_viewed was processed [] []
[2025-01-26T13:26:18.624339+00:00] main.INFO: Add of item with id Magento_Reports::report_products_lowstock was processed [] []
[2025-01-26T13:26:18.624513+00:00] main.INFO: Add of item with id Magento_Reports::report_customers was processed [] []
[2025-01-26T13:26:18.624693+00:00] main.INFO: Add of item with id Magento_Reports::report_customers_accounts was processed [] []
[2025-01-26T13:26:18.624870+00:00] main.INFO: Add of item with id Magento_Reports::report_customers_totals was processed [] []
[2025-01-26T13:26:18.625043+00:00] main.INFO: Add of item with id Magento_Reports::report_customers_orders was processed [] []
[2025-01-26T13:26:18.625228+00:00] main.INFO: Add of item with id Magento_Reports::report_statistics was processed [] []
[2025-01-26T13:26:18.625428+00:00] main.INFO: Add of item with id Magento_Reports::report_statistics_refresh was processed [] []
[2025-01-26T13:26:18.625604+00:00] main.INFO: Add of item with id Magento_Search::report_search_term was processed [] []
[2025-01-26T13:26:18.625778+00:00] main.INFO: Add of item with id Magento_LoginAsCustomerLog::login_log was processed [] []
[2025-01-26T13:26:18.625952+00:00] main.INFO: Add of item with id Magento_Marketplace::partners was processed [] []
[2025-01-26T13:26:18.626126+00:00] main.INFO: Add of item with id Magento_Newsletter::newsletter_template was processed [] []
[2025-01-26T13:26:18.626306+00:00] main.INFO: Add of item with id Magento_Newsletter::newsletter_queue was processed [] []
[2025-01-26T13:26:18.626479+00:00] main.INFO: Add of item with id Magento_Newsletter::newsletter_subscriber was processed [] []
[2025-01-26T13:26:18.626651+00:00] main.INFO: Add of item with id Magento_Newsletter::newsletter_problem was processed [] []
[2025-01-26T13:26:18.626824+00:00] main.INFO: Add of item with id Magento_SalesRule::promo_quote was processed [] []
[2025-01-26T13:26:18.626996+00:00] main.INFO: Add of item with id Magento_Sitemap::catalog_sitemap was processed [] []
[2025-01-26T13:26:18.627169+00:00] main.INFO: Add of item with id Magento_PageBuilder::templates was processed [] []
[2025-01-26T13:26:18.627361+00:00] main.INFO: Add of item with id Magento_Paypal::report_salesroot_paypal_settlement_reports was processed [] []
[2025-01-26T13:26:18.627544+00:00] main.INFO: Add of item with id Magento_Paypal::paypal_billing_agreement was processed [] []
[2025-01-26T13:26:18.627719+00:00] main.INFO: Add of item with id Magento_CheckoutAgreements::sales_checkoutagreement was processed [] []
[2025-01-26T13:26:18.627893+00:00] main.INFO: Add of item with id Magento_Review::catalog_reviews_ratings_ratings was processed [] []
[2025-01-26T13:26:18.628076+00:00] main.INFO: Add of item with id Magento_Review::catalog_reviews_ratings_pending was processed [] []
[2025-01-26T13:26:18.628264+00:00] main.INFO: Add of item with id Magento_Review::catalog_reviews_ratings_reviews_all was processed [] []
[2025-01-26T13:26:18.628439+00:00] main.INFO: Add of item with id Magento_Review::report_review was processed [] []
[2025-01-26T13:26:18.628621+00:00] main.INFO: Add of item with id Magento_Review::report_review_customer was processed [] []
[2025-01-26T13:26:18.628798+00:00] main.INFO: Add of item with id Magento_Review::report_review_product was processed [] []
[2025-01-26T13:26:18.628971+00:00] main.INFO: Add of item with id Magento_UrlRewrite::urlrewrite was processed [] []
[2025-01-26T13:26:18.629144+00:00] main.INFO: Add of item with id Magento_Tax::sales_tax was processed [] []
[2025-01-26T13:26:18.629333+00:00] main.INFO: Add of item with id Magento_Tax::sales_tax_rules was processed [] []
[2025-01-26T13:26:18.629511+00:00] main.INFO: Add of item with id Magento_Tax::sales_tax_rates was processed [] []
[2025-01-26T13:26:18.629684+00:00] main.INFO: Add of item with id Magento_TaxImportExport::system_convert_tax was processed [] []
[2025-01-26T13:26:18.629858+00:00] main.INFO: Add of item with id Magento_AsynchronousOperations::system_magento_logging was processed [] []
[2025-01-26T13:26:18.630039+00:00] main.INFO: Add of item with id Magento_AsynchronousOperations::system_magento_logging_bulk_operations was processed [] []
[2025-01-26T13:26:18.630217+00:00] main.INFO: Add of item with id Magento_CurrencySymbol::system_currency was processed [] []
[2025-01-26T13:26:18.630421+00:00] main.INFO: Add of item with id Magento_CurrencySymbol::system_currency_rates was processed [] []
[2025-01-26T13:26:18.630616+00:00] main.INFO: Add of item with id Magento_CurrencySymbol::system_currency_symbols was processed [] []
[2025-01-26T13:26:18.630807+00:00] main.INFO: Add of item with id PayPal_Braintree::settlement_report was processed [] []
[2025-01-26T13:26:18.631018+00:00] main.INFO: Add of item with id PayPal_Braintree::virtual_terminal was processed [] []
[2025-01-26T13:26:42.138469+00:00] main.INFO: Item Magento_Backend::system_currency was removed [] []
[2025-01-26T13:26:42.140370+00:00] main.INFO: Add of item with id Magento_Config::system_config was processed [] []
[2025-01-26T13:26:42.140606+00:00] main.INFO: Add of item with id Magento_AdminNotification::system_adminnotification was processed [] []
[2025-01-26T13:26:42.140797+00:00] main.INFO: Add of item with id Magento_Theme::design_config was processed [] []
[2025-01-26T13:26:42.140978+00:00] main.INFO: Add of item with id Magento_Theme::system_design_theme was processed [] []
[2025-01-26T13:26:42.141155+00:00] main.INFO: Add of item with id Magento_Backend::system_design_schedule was processed [] []
[2025-01-26T13:26:42.141336+00:00] main.INFO: Add of item with id Magento_Backend::system_store was processed [] []
[2025-01-26T13:26:42.141512+00:00] main.INFO: Add of item with id Magento_Backend::dashboard was processed [] []
[2025-01-26T13:26:42.141687+00:00] main.INFO: Add of item with id Magento_Backend::system was processed [] []
[2025-01-26T13:26:42.141871+00:00] main.INFO: Add of item with id Magento_Backend::system_tools was processed [] []
[2025-01-26T13:26:42.142057+00:00] main.INFO: Add of item with id Magento_Backend::system_design was processed [] []
[2025-01-26T13:26:42.142236+00:00] main.INFO: Add of item with id Magento_Backend::system_convert was processed [] []
[2025-01-26T13:26:42.142421+00:00] main.INFO: Add of item with id Magento_Backend::system_cache was processed [] []
[2025-01-26T13:26:42.142597+00:00] main.INFO: Add of item with id Magento_Backend::marketing was processed [] []
[2025-01-26T13:26:42.142779+00:00] main.INFO: Add of item with id Magento_Backend::marketing_communications was processed [] []
[2025-01-26T13:26:42.142962+00:00] main.INFO: Add of item with id Magento_Backend::marketing_seo was processed [] []
[2025-01-26T13:26:42.143136+00:00] main.INFO: Add of item with id Magento_Backend::marketing_user_content was processed [] []
[2025-01-26T13:26:42.143314+00:00] main.INFO: Add of item with id Magento_Backend::content was processed [] []
[2025-01-26T13:26:42.143488+00:00] main.INFO: Add of item with id Magento_Backend::content_elements was processed [] []
[2025-01-26T13:26:42.143662+00:00] main.INFO: Add of item with id Magento_Backend::stores was processed [] []
[2025-01-26T13:26:42.143843+00:00] main.INFO: Add of item with id Magento_Backend::stores_settings was processed [] []
[2025-01-26T13:26:42.144019+00:00] main.INFO: Add of item with id Magento_Backend::stores_attributes was processed [] []
[2025-01-26T13:26:42.144194+00:00] main.INFO: Add of item with id Magento_Backend::other_settings was processed [] []
[2025-01-26T13:26:42.144370+00:00] main.INFO: Add of item with id Magento_Backend::system_other_settings was processed [] []
[2025-01-26T13:26:42.144548+00:00] main.INFO: Add of item with id Magento_User::system_acl was processed [] []
[2025-01-26T13:26:42.144728+00:00] main.INFO: Add of item with id Magento_User::system_acl_users was processed [] []
[2025-01-26T13:26:42.144905+00:00] main.INFO: Add of item with id Magento_User::system_acl_roles was processed [] []
[2025-01-26T13:26:42.145078+00:00] main.INFO: Add of item with id Magento_User::system_acl_locks was processed [] []
[2025-01-26T13:26:42.145254+00:00] main.INFO: Add of item with id Magento_Customer::customer was processed [] []
[2025-01-26T13:26:42.145436+00:00] main.INFO: Add of item with id Magento_Customer::customer_manage was processed [] []
[2025-01-26T13:26:42.145613+00:00] main.INFO: Add of item with id Magento_Customer::customer_online was processed [] []
[2025-01-26T13:26:42.145792+00:00] main.INFO: Add of item with id Magento_Customer::customer_group was processed [] []
[2025-01-26T13:26:42.145985+00:00] main.INFO: Add of item with id Magento_Backup::system_tools_backup was processed [] []
[2025-01-26T13:26:42.146179+00:00] main.INFO: Add of item with id Magento_Indexer::system_index was processed [] []
[2025-01-26T13:26:42.146384+00:00] main.INFO: Add of item with id Magento_Variable::system_variable was processed [] []
[2025-01-26T13:26:42.146620+00:00] main.INFO: Add of item with id Magento_Cms::cms_page was processed [] []
[2025-01-26T13:26:42.146921+00:00] main.INFO: Add of item with id Magento_Cms::cms_block was processed [] []
[2025-01-26T13:26:42.147276+00:00] main.INFO: Add of item with id Magento_Search::search_terms was processed [] []
[2025-01-26T13:26:42.147551+00:00] main.INFO: Add of item with id Magento_Search::search_synonyms was processed [] []
[2025-01-26T13:26:42.147760+00:00] main.INFO: Add of item with id Magento_Catalog::catalog was processed [] []
[2025-01-26T13:26:42.147967+00:00] main.INFO: Add of item with id Magento_Catalog::catalog_products was processed [] []
[2025-01-26T13:26:42.148165+00:00] main.INFO: Add of item with id Magento_Catalog::catalog_categories was processed [] []
[2025-01-26T13:26:42.148383+00:00] main.INFO: Add of item with id Magento_Catalog::catalog_attributes_attributes was processed [] []
[2025-01-26T13:26:42.148580+00:00] main.INFO: Add of item with id Magento_Catalog::catalog_attributes_sets was processed [] []
[2025-01-26T13:26:42.148781+00:00] main.INFO: Add of item with id Magento_Catalog::inventory was processed [] []
[2025-01-26T13:26:42.148977+00:00] main.INFO: Add of item with id Magento_CatalogRule::promo was processed [] []
[2025-01-26T13:26:42.149159+00:00] main.INFO: Add of item with id Magento_CatalogRule::promo_catalog was processed [] []
[2025-01-26T13:26:42.149349+00:00] main.INFO: Add of item with id Magento_MediaGalleryUi::media was processed [] []
[2025-01-26T13:26:42.149533+00:00] main.INFO: Add of item with id Magento_MediaGalleryUi::media_gallery was processed [] []
[2025-01-26T13:26:42.149708+00:00] main.INFO: Add of item with id Magento_Integration::system_extensions was processed [] []
[2025-01-26T13:26:42.149900+00:00] main.INFO: Add of item with id Magento_Integration::system_integrations was processed [] []
[2025-01-26T13:26:42.150076+00:00] main.INFO: Add of item with id Magento_Sales::sales was processed [] []
[2025-01-26T13:26:42.150274+00:00] main.INFO: Add of item with id Magento_Sales::sales_operation was processed [] []
[2025-01-26T13:26:42.150480+00:00] main.INFO: Add of item with id Magento_Sales::sales_order was processed [] []
[2025-01-26T13:26:42.150674+00:00] main.INFO: Add of item with id Magento_Sales::sales_invoice was processed [] []
[2025-01-26T13:26:42.150868+00:00] main.INFO: Add of item with id Magento_Sales::sales_shipment was processed [] []
[2025-01-26T13:26:42.151061+00:00] main.INFO: Add of item with id Magento_Sales::sales_creditmemo was processed [] []
[2025-01-26T13:26:42.151257+00:00] main.INFO: Add of item with id Magento_Sales::sales_transactions was processed [] []
[2025-01-26T13:26:42.151457+00:00] main.INFO: Add of item with id Magento_Sales::system_order_statuses was processed [] []
[2025-01-26T13:26:42.151649+00:00] main.INFO: Add of item with id Magento_Widget::cms_widget_instance was processed [] []
[2025-01-26T13:26:42.151850+00:00] main.INFO: Add of item with id Magento_Analytics::business_intelligence was processed [] []
[2025-01-26T13:26:42.152053+00:00] main.INFO: Add of item with id Magento_Analytics::advanced_reporting was processed [] []
[2025-01-26T13:26:42.152255+00:00] main.INFO: Add of item with id Magento_Analytics::bi_essentials was processed [] []
[2025-01-26T13:26:42.152459+00:00] main.INFO: Add of item with id Magento_Downloadable::report_products_downloads was processed [] []
[2025-01-26T13:26:42.152663+00:00] main.INFO: Add of item with id Magento_ImportExport::system_convert_import was processed [] []
[2025-01-26T13:26:42.152874+00:00] main.INFO: Add of item with id Magento_ImportExport::system_convert_export was processed [] []
[2025-01-26T13:26:42.153069+00:00] main.INFO: Add of item with id Magento_ImportExport::system_convert_history was processed [] []
[2025-01-26T13:26:42.153335+00:00] main.INFO: Add of item with id Magento_Email::template was processed [] []
[2025-01-26T13:26:42.153539+00:00] main.INFO: Add of item with id Magento_EncryptionKey::system_crypt_key was processed [] []
[2025-01-26T13:26:42.153733+00:00] main.INFO: Add of item with id Magento_InventoryAdminUi::inventory was processed [] []
[2025-01-26T13:26:42.153946+00:00] main.INFO: Add of item with id Magento_InventoryAdminUi::source was processed [] []
[2025-01-26T13:26:42.154154+00:00] main.INFO: Add of item with id Magento_InventoryAdminUi::stock was processed [] []
[2025-01-26T13:26:42.154368+00:00] main.INFO: Add of item with id Magento_Reports::report was processed [] []
[2025-01-26T13:26:42.154576+00:00] main.INFO: Add of item with id Magento_Reports::report_marketing was processed [] []
[2025-01-26T13:26:42.154779+00:00] main.INFO: Add of item with id Magento_Reports::report_salesroot was processed [] []
[2025-01-26T13:26:42.154989+00:00] main.INFO: Add of item with id Magento_Reports::report_salesroot_sales was processed [] []
[2025-01-26T13:26:42.155202+00:00] main.INFO: Add of item with id Magento_Reports::report_salesroot_tax was processed [] []
[2025-01-26T13:26:42.155409+00:00] main.INFO: Add of item with id Magento_Reports::report_salesroot_invoiced was processed [] []
[2025-01-26T13:26:42.155613+00:00] main.INFO: Add of item with id Magento_Reports::report_salesroot_shipping was processed [] []
[2025-01-26T13:26:42.155818+00:00] main.INFO: Add of item with id Magento_Reports::report_salesroot_refunded was processed [] []
[2025-01-26T13:26:42.156018+00:00] main.INFO: Add of item with id Magento_Reports::report_salesroot_coupons was processed [] []
[2025-01-26T13:26:42.156229+00:00] main.INFO: Add of item with id Magento_Reports::report_shopcart_product was processed [] []
[2025-01-26T13:26:42.156437+00:00] main.INFO: Add of item with id Magento_Reports::report_shopcart_abandoned was processed [] []
[2025-01-26T13:26:42.156636+00:00] main.INFO: Add of item with id Magento_Reports::report_products was processed [] []
[2025-01-26T13:26:42.156834+00:00] main.INFO: Add of item with id Magento_Reports::report_products_bestsellers was processed [] []
[2025-01-26T13:26:42.157028+00:00] main.INFO: Add of item with id Magento_Reports::report_products_sold was processed [] []
[2025-01-26T13:26:42.157224+00:00] main.INFO: Add of item with id Magento_Reports::report_products_viewed was processed [] []
[2025-01-26T13:26:42.157424+00:00] main.INFO: Add of item with id Magento_Reports::report_products_lowstock was processed [] []
[2025-01-26T13:26:42.157622+00:00] main.INFO: Add of item with id Magento_Reports::report_customers was processed [] []
[2025-01-26T13:26:42.157832+00:00] main.INFO: Add of item with id Magento_Reports::report_customers_accounts was processed [] []
[2025-01-26T13:26:42.158029+00:00] main.INFO: Add of item with id Magento_Reports::report_customers_totals was processed [] []
[2025-01-26T13:26:42.158231+00:00] main.INFO: Add of item with id Magento_Reports::report_customers_orders was processed [] []
[2025-01-26T13:26:42.158427+00:00] main.INFO: Add of item with id Magento_Reports::report_statistics was processed [] []
[2025-01-26T13:26:42.158630+00:00] main.INFO: Add of item with id Magento_Reports::report_statistics_refresh was processed [] []
[2025-01-26T13:26:42.158833+00:00] main.INFO: Add of item with id Magento_Search::report_search_term was processed [] []
[2025-01-26T13:26:42.159028+00:00] main.INFO: Add of item with id Magento_LoginAsCustomerLog::login_log was processed [] []
[2025-01-26T13:26:42.159237+00:00] main.INFO: Add of item with id Magento_Marketplace::partners was processed [] []
[2025-01-26T13:26:42.159436+00:00] main.INFO: Add of item with id Magento_Newsletter::newsletter_template was processed [] []
[2025-01-26T13:26:42.159628+00:00] main.INFO: Add of item with id Magento_Newsletter::newsletter_queue was processed [] []
[2025-01-26T13:26:42.159819+00:00] main.INFO: Add of item with id Magento_Newsletter::newsletter_subscriber was processed [] []
[2025-01-26T13:26:42.160011+00:00] main.INFO: Add of item with id Magento_Newsletter::newsletter_problem was processed [] []
[2025-01-26T13:26:42.160211+00:00] main.INFO: Add of item with id Magento_SalesRule::promo_quote was processed [] []
[2025-01-26T13:26:42.160409+00:00] main.INFO: Add of item with id Magento_Sitemap::catalog_sitemap was processed [] []
[2025-01-26T13:26:42.160604+00:00] main.INFO: Add of item with id Magento_PageBuilder::templates was processed [] []
[2025-01-26T13:26:42.160796+00:00] main.INFO: Add of item with id Magento_Paypal::report_salesroot_paypal_settlement_reports was processed [] []
[2025-01-26T13:26:42.160989+00:00] main.INFO: Add of item with id Magento_Paypal::paypal_billing_agreement was processed [] []
[2025-01-26T13:26:42.161185+00:00] main.INFO: Add of item with id Magento_CheckoutAgreements::sales_checkoutagreement was processed [] []
[2025-01-26T13:26:42.161386+00:00] main.INFO: Add of item with id Magento_Review::catalog_reviews_ratings_ratings was processed [] []
[2025-01-26T13:26:42.161592+00:00] main.INFO: Add of item with id Magento_Review::catalog_reviews_ratings_pending was processed [] []
[2025-01-26T13:26:42.161789+00:00] main.INFO: Add of item with id Magento_Review::catalog_reviews_ratings_reviews_all was processed [] []
[2025-01-26T13:26:42.161983+00:00] main.INFO: Add of item with id Magento_Review::report_review was processed [] []
[2025-01-26T13:26:42.162209+00:00] main.INFO: Add of item with id Magento_Review::report_review_customer was processed [] []
[2025-01-26T13:26:42.162414+00:00] main.INFO: Add of item with id Magento_Review::report_review_product was processed [] []
[2025-01-26T13:26:42.162615+00:00] main.INFO: Add of item with id Magento_UrlRewrite::urlrewrite was processed [] []
[2025-01-26T13:26:42.162915+00:00] main.INFO: Add of item with id Magento_Tax::sales_tax was processed [] []
[2025-01-26T13:26:42.163138+00:00] main.INFO: Add of item with id Magento_Tax::sales_tax_rules was processed [] []
[2025-01-26T13:26:42.163358+00:00] main.INFO: Add of item with id Magento_Tax::sales_tax_rates was processed [] []
[2025-01-26T13:26:42.163554+00:00] main.INFO: Add of item with id Magento_TaxImportExport::system_convert_tax was processed [] []
[2025-01-26T13:26:42.163748+00:00] main.INFO: Add of item with id Magento_AsynchronousOperations::system_magento_logging was processed [] []
[2025-01-26T13:26:42.163960+00:00] main.INFO: Add of item with id Magento_AsynchronousOperations::system_magento_logging_bulk_operations was processed [] []
[2025-01-26T13:26:42.164160+00:00] main.INFO: Add of item with id Magento_CurrencySymbol::system_currency was processed [] []
[2025-01-26T13:26:42.164373+00:00] main.INFO: Add of item with id Magento_CurrencySymbol::system_currency_rates was processed [] []
[2025-01-26T13:26:42.164570+00:00] main.INFO: Add of item with id Magento_CurrencySymbol::system_currency_symbols was processed [] []
[2025-01-26T13:26:42.164763+00:00] main.INFO: Add of item with id PayPal_Braintree::settlement_report was processed [] []
[2025-01-26T13:26:42.164958+00:00] main.INFO: Add of item with id PayPal_Braintree::virtual_terminal was processed [] []
[2025-01-26T13:26:44.072852+00:00] main.INFO: Broken reference: the 'notification.messages' tries to reorder itself towards 'user', but their parents are different: 'header.inner.right' and 'header' respectively. [] []
[2025-01-26T13:26:55.653833+00:00] main.INFO: Broken reference: the 'notification.messages' tries to reorder itself towards 'user', but their parents are different: 'header.inner.right' and 'header' respectively. [] []
[2025-01-26T13:27:00.719485+00:00] main.INFO: Broken reference: the 'notification.messages' tries to reorder itself towards 'user', but their parents are different: 'header.inner.right' and 'header' respectively. [] []
[2025-01-26T13:27:36.282715+00:00] main.INFO: Broken reference: the 'notification.messages' tries to reorder itself towards 'user', but their parents are different: 'header.inner.right' and 'header' respectively. [] []
[2025-01-26T13:27:38.375566+00:00] main.INFO: Broken reference: the 'notification.messages' tries to reorder itself towards 'user', but their parents are different: 'header.inner.right' and 'header' respectively. [] []
